Button Pressed.. Starting ProccessButton Pressed.. Starting ProccessAdding floor request 3 in the queue.Button Pressed.. Starting ProccessAdding floor request 4 in the queue.Button Pressed.. Starting ProccessAdding floor request 2 in the queue.Button Pressed.. Starting ProccessAdding floor request 2 in the queue.Button Pressed.. Starting ProccessAdding floor request 3 in the queue.Button Pressed.. Starting ProccessAdding floor request 3 in the queue.Button Pressed.. Starting ProccessAdding floor request 5 in the queue.Starting moving at: 10/25/2021 3:59:45 PMCurrent Floor: 0Button Pressed.. Starting Proccess
Adding floor request 5 in the queue.
Starting moving at: 10/25/2021 4:06:50 PM
Current Floor: 0
Passed floor level 0 at time: 10/25/2021 4:06:50 PM
Starting moving at: 10/25/2021 4:06:52 PM
Current Floor: 0
Passed floor level 0 at time: 10/25/2021 4:06:52 PM
Starting moving at: 10/25/2021 4:06:54 PM
Current Floor: 0
Passed floor level 0 at time: 10/25/2021 4:06:54 PM
Starting moving at: 10/25/2021 4:06:57 PM
Current Floor: 0
Passed floor level 0 at time: 10/25/2021 4:06:57 PM
Starting moving at: 10/25/2021 4:06:59 PM
Current Floor: 0
Passed floor level 0 at time: 10/25/2021 4:06:59 PM
Starting moving at: 10/25/2021 4:07:00 PM
Current Floor: 0
Passed floor level 0 at time: 10/25/2021 4:07:00 PM
Arrive at floor: 5 at time: 10/25/2021 4:07:01 PM
Button Pressed.. Starting Proccess
Adding floor request 5 in the queue.
Starting moving at: 10/25/2021 4:13:00 PM
Starting moving at: 10/25/2021 4:13:00 PM
Starting moving at: 10/25/2021 4:13:00 PM
Starting moving at: 10/25/2021 4:13:00 PM
Starting moving at: 10/25/2021 4:13:00 PM
Starting moving at: 10/25/2021 4:13:00 PM
Arrive at floor: 5 at time: 10/25/2021 4:13:13 PM
Button Pressed.. Starting Proccess
Adding floor request 3 in the queue.
Starting moving at: 10/25/2021 4:17:46 PM
Current Floor: 0
Passed floor level 0 at time: 10/25/2021 4:17:49 PM
Starting moving at: 10/25/2021 4:17:49 PM
Current Floor: 1
Passed floor level 1 at time: 10/25/2021 4:17:52 PM
Starting moving at: 10/25/2021 4:17:52 PM
Current Floor: 2
Passed floor level 2 at time: 10/25/2021 4:17:55 PM
Starting moving at: 10/25/2021 4:17:55 PM
Current Floor: 3
Passed floor level 3 at time: 10/25/2021 4:17:58 PM
Button Pressed.. Starting Proccess
Adding floor request 4 in the queue.
Starting moving at: 10/25/2021 4:21:33 PM
Current Floor: 0
Passed floor level 0 at time: 10/25/2021 4:21:36 PM
Starting moving at: 10/25/2021 4:21:36 PM
Current Floor: 1
Passed floor level 1 at time: 10/25/2021 4:21:39 PM
Starting moving at: 10/25/2021 4:21:39 PM
Current Floor: 2
Passed floor level 2 at time: 10/25/2021 4:21:42 PM
Starting moving at: 10/25/2021 4:21:42 PM
Current Floor: 3
Passed floor level 3 at time: 10/25/2021 4:21:45 PM
Button Pressed.. Starting Proccess
Adding floor request 3 in the queue.
Starting moving at: 10/25/2021 4:36:46 PM
Current Floor: 0
Passed floor level 0 at time: 10/25/2021 4:36:49 PM
Starting moving at: 10/25/2021 4:36:49 PM
Current Floor: 1
Passed floor level 1 at time: 10/25/2021 4:36:52 PM
Starting moving at: 10/25/2021 4:36:52 PM
Current Floor: 2
Passed floor level 2 at time: 10/25/2021 4:36:55 PM
Arrive at floor: 3 at time: 10/25/2021 4:37:54 PM
Button Pressed.. Starting Proccess
Adding floor request 3 in the queue.
Adding floor request 5 in the queue.
Starting moving at: 10/25/2021 4:49:19 PM
Current Floor: 0
Passed floor level 0 at time: 10/25/2021 4:49:22 PM
Starting moving at: 10/25/2021 4:49:22 PM
Current Floor: 1
Passed floor level 1 at time: 10/25/2021 4:49:25 PM
Starting moving at: 10/25/2021 4:49:25 PM
Current Floor: 2
Passed floor level 2 at time: 10/25/2021 4:49:28 PM
Arrive at floor: 3 at time: 10/25/2021 4:49:31 PM
Button Pressed.. Starting Proccess
Adding floor request 2 in the queue.
Adding floor request 5 in the queue.
Starting moving at: 10/25/2021 4:52:45 PM
Current Floor: 0
Passed floor level 0 at time: 10/25/2021 4:52:48 PM
Starting moving at: 10/25/2021 4:52:48 PM
Current Floor: 1
Passed floor level 1 at time: 10/25/2021 4:52:51 PM
Arrive at floor: 2 at time: 10/25/2021 4:52:57 PM
Button Pressed.. Starting Proccess
Adding floor request 3 in the queue.
Adding floor request 6 in the queue.
Starting moving at: 10/25/2021 4:57:26 PM
Current Floor: 0
Passed floor level 0 at time: 10/25/2021 4:57:29 PM
Starting moving at: 10/25/2021 4:57:29 PM
Current Floor: 1
Passed floor level 1 at time: 10/25/2021 4:57:32 PM
Starting moving at: 10/25/2021 4:57:32 PM
Current Floor: 2
Passed floor level 2 at time: 10/25/2021 4:57:35 PM
Arrive at floor: 3 at time: 10/25/2021 4:57:37 PM
Arrive at floor: 3 at time: 10/25/2021 4:57:56 PM
Button Pressed.. Starting Proccess
Adding floor request 3 in the queue.
Adding floor request 4 in the queue.
Starting moving at: 10/25/2021 4:58:48 PM
Current Floor: 0
Passed floor level 0 at time: 10/25/2021 4:58:51 PM
Starting moving at: 10/25/2021 4:58:51 PM
Current Floor: 1
Passed floor level 1 at time: 10/25/2021 4:58:54 PM
Starting moving at: 10/25/2021 4:58:54 PM
Current Floor: 2
Passed floor level 2 at time: 10/25/2021 4:58:57 PM
Arrive at floor: 3 at time: 10/25/2021 4:58:59 PM
Button Pressed.. Starting Proccess
Adding floor request 3 in the queue.
Adding floor request 5 in the queue.
Starting moving at: 10/25/2021 5:03:39 PM
Current Floor: 0
Passed floor level 0 at time: 10/25/2021 5:03:42 PM
Starting moving at: 10/25/2021 5:03:42 PM
Current Floor: 1
Passed floor level 1 at time: 10/25/2021 5:03:45 PM
Starting moving at: 10/25/2021 5:03:45 PM
Current Floor: 2
Passed floor level 2 at time: 10/25/2021 5:03:48 PM
Arrive at floor: 3 at time: 10/25/2021 5:03:59 PM
Starting moving at: 10/25/2021 5:04:21 PM
Current Floor: 3
Passed floor level 3 at time: 10/25/2021 5:04:24 PM
Starting moving at: 10/25/2021 5:04:24 PM
Current Floor: 4
Passed floor level 4 at time: 10/25/2021 5:04:27 PM
Arrive at floor: 2 at time: 10/25/2021 5:04:31 PM
Button Pressed.. Starting Proccess
Adding floor request 2 in the queue.
Adding floor request 5 in the queue.
Starting moving at: 10/25/2021 5:42:50 PM
Current Floor: 0
Passed floor level 0 at time: 10/25/2021 5:42:54 PM
Starting moving at: 10/25/2021 5:42:54 PM
Current Floor: 1
Passed floor level 1 at time: 10/25/2021 5:42:57 PM
Arrive at floor: 5 at time: 10/25/2021 5:42:59 PM
Stoping at destination floor: 5 at time: 10/25/2021 5:42:59 PM
Leaving destination floor: 5 at time: 10/25/2021 5:43:00 PM
Button Pressed.. Starting Proccess
Adding floor request 2 in the queue.
Adding floor request 6 in the queue.
Starting moving at: 10/25/2021 11:43:59 PM
Current Floor: 0
Passed floor level 0 at time: 10/25/2021 11:44:02 PM
Starting moving at: 10/25/2021 11:44:02 PM
Current Floor: 1
Passed floor level 1 at time: 10/25/2021 11:44:05 PM
Arrive at floor: 6 at time: 10/25/2021 11:44:39 PM
Stoping at destination floor: 6 at time: 10/25/2021 11:44:39 PM
Button Pressed.. Starting Proccess
Adding floor request 2 in the queue.
Adding floor request 5 in the queue.
Starting moving at: 10/25/2021 11:45:47 PM
Current Floor: 0
Passed floor level 0 at time: 10/25/2021 11:45:50 PM
Starting moving at: 10/25/2021 11:45:50 PM
Current Floor: 1
Passed floor level 1 at time: 10/25/2021 11:45:53 PM
Arrive at floor: 5 at time: 10/25/2021 11:45:56 PM
Stoping at destination floor: 5 at time: 10/25/2021 11:45:57 PM
Button Pressed.. Starting Proccess
Adding floor request 3 in the queue.
Adding floor request 4 in the queue.
Button Pressed.. Starting Proccess
Adding floor request 2 in the queue.
Adding floor request 4 in the queue.
Starting moving at: 10/25/2021 11:50:29 PM
Current Floor: 0
Passed floor level 0 at time: 10/25/2021 11:50:32 PM
Starting moving at: 10/25/2021 11:50:32 PM
Current Floor: 1
Passed floor level 1 at time: 10/25/2021 11:50:35 PM
Arrive at floor: 4 at time: 10/25/2021 11:50:35 PM
Stoping at destination floor: 4 at time: 10/25/2021 11:50:35 PM
Button Pressed.. Starting Proccess
Adding floor request 1 in the queue.
Adding floor request 2 in the queue.
Starting moving at: 10/25/2021 11:55:25 PM
Current Floor: 0
Passed floor level 0 at time: 10/25/2021 11:55:28 PM
Arrive at floor: 2 at time: 10/25/2021 11:57:14 PM
Stoping at destination floor: 2 at time: 10/25/2021 11:57:14 PM
Button Pressed.. Starting Proccess
Adding floor request 1 in the queue.
Adding floor request 4 in the queue.
Button Pressed.. Starting Proccess
Adding floor request 1 in the queue.
Adding floor request 2 in the queue.
Starting moving at: 10/26/2021 12:01:48 AM
Current Floor: 0
Passed floor level 0 at time: 10/26/2021 12:02:08 AM
Button Pressed.. Starting Proccess
Adding floor request 2 in the queue.
Adding floor request 4 in the queue.
Starting moving at: 10/26/2021 12:03:05 AM
Current Floor: 0
Passed floor level 0 at time: 10/26/2021 12:03:08 AM
Starting moving at: 10/26/2021 12:03:09 AM
Current Floor: 1
Passed floor level 1 at time: 10/26/2021 12:03:12 AM
Button Pressed.. Starting Proccess
Adding floor request 1 in the queue.
Adding floor request 2 in the queue.
Starting moving at: 10/26/2021 12:06:10 AM
Current Floor: 0
Passed floor level 0 at time: 10/26/2021 12:06:23 AM
Arrive at floor: 2 at time: 10/26/2021 12:06:55 AM
Stoping at destination floor: 2 at time: 10/26/2021 12:06:56 AM
Button Pressed.. Starting Proccess
Adding floor request 2 in the queue.
Adding floor request 4 in the queue.
Starting moving at: 10/26/2021 12:28:35 AM
Current Floor: 0
Passed floor level 0 at time: 10/26/2021 12:28:40 AM
Starting moving at: 10/26/2021 12:28:45 AM
Current Floor: 1
Passed floor level 1 at time: 10/26/2021 12:28:51 AM
Arrive at floor: 2 at time: 10/26/2021 12:29:05 AM
Stoping at destination floor: 2 at time: 10/26/2021 12:29:09 AM
Button Pressed.. Starting Proccess
Adding floor request 1 in the queue.
Adding floor request 3 in the queue.
Starting moving at: 10/26/2021 12:37:07 AM
Current Floor: 0
Passed floor level 0 at time: 10/26/2021 12:37:10 AM
Arrive at floor: 1 at time: 10/26/2021 12:37:12 AM
Stoping at destination floor: 1 at time: 10/26/2021 12:37:12 AM
Button Pressed.. Starting Proccess
Adding floor request 1 in the queue.
Adding floor request 3 in the queue.
Starting moving at: 10/26/2021 4:33:17 PM
Current Floor: 0
Passed floor level 0 at time: 10/26/2021 4:33:20 PM
Arrive at floor: 1 at time: 10/26/2021 4:33:22 PM
Stoping at destination floor: 1 at time: 10/26/2021 4:33:22 PM
Starting moving at: 10/26/2021 4:33:43 PM
Current Floor: 0
Passed floor level 0 at time: 10/26/2021 4:33:46 PM
Starting moving at: 10/26/2021 4:33:46 PM
Current Floor: 1
Passed floor level 1 at time: 10/26/2021 4:33:49 PM
Starting moving at: 10/26/2021 4:33:49 PM
Current Floor: 2
Passed floor level 2 at time: 10/26/2021 4:33:52 PM
Arrive at floor: 3 at time: 10/26/2021 4:33:56 PM
Stoping at destination floor: 3 at time: 10/26/2021 4:33:56 PM
Button Pressed.. Starting Proccess
Adding floor request 1 in the queue.
Adding floor request 3 in the queue.
Starting moving at: 10/26/2021 4:58:03 PM
Current Floor: 0
Passed floor level 0 at time: 10/26/2021 4:58:06 PM
Arrive at floor: 1 at time: 10/26/2021 4:58:06 PM
Stoping at destination floor: 1 at time: 10/26/2021 4:58:06 PM
Starting moving at: 10/26/2021 4:58:15 PM
Current Floor: 0
Passed floor level 0 at time: 10/26/2021 4:58:18 PM
Starting moving at: 10/26/2021 4:58:18 PM
Current Floor: 1
Passed floor level 1 at time: 10/26/2021 4:58:21 PM
Starting moving at: 10/26/2021 4:58:21 PM
Current Floor: 2
Passed floor level 2 at time: 10/26/2021 4:58:24 PM
Arrive at floor: 3 at time: 10/26/2021 4:58:24 PM
Stoping at destination floor: 3 at time: 10/26/2021 4:58:24 PM
Button Pressed.. Starting Proccess
Adding floor request 1 in the queue.
Button Pressed.. Starting Proccess
Adding floor request 1 in the queue.
Adding floor request 2 in the queue.
Starting moving at: 10/26/2021 5:11:19 PM
Current Floor: 0
Button Pressed.. Starting Proccess
Adding floor request 1 in the queue.
Adding floor request 3 in the queue.
Button Pressed.. Starting Proccess
Adding floor request 1 in the queue.
Adding floor request 3 in the queue.
Button Pressed.. Starting Proccess
Adding floor request 1 in the queue.
Adding floor request 2 in the queue.
Starting moving at: 10/26/2021 11:20:33 PM
Current Floor: 0
Passed floor level 0 at time: 10/26/2021 11:20:36 PM
Arrive at floor: 1 at time: 10/26/2021 11:20:36 PM
Stoping at destination floor: 1 at time: 10/26/2021 11:20:36 PM
Starting moving at: 10/26/2021 11:21:38 PM
Current Floor: 1
Passed floor level 1 at time: 10/26/2021 11:21:41 PM
Arrive at floor: 2 at time: 10/26/2021 11:21:41 PM
Stoping at destination floor: 2 at time: 10/26/2021 11:21:41 PM
Button Pressed.. Starting Proccess
Adding floor request 0U in the queue.
Button Pressed.. Starting Proccess
Adding floor request 1U in the queue.
Button Pressed.. Starting Proccess
Adding floor request 2U in the queue.
Button Pressed.. Starting Proccess
Adding floor request 2U in the queue.
Starting moving at: 10/26/2021 11:27:51 PM
Current Floor: 0
Passed floor level 0 at time: 10/26/2021 11:27:54 PM
Starting moving at: 10/26/2021 11:27:54 PM
Current Floor: 1
Passed floor level 1 at time: 10/26/2021 11:27:57 PM
Arrive at floor: 2 at time: 10/26/2021 11:27:57 PM
Stoping at destination floor: 2 at time: 10/26/2021 11:27:57 PM
Elevator is moving Idle 
No remaining requests... exiting
Button Pressed.. Starting Proccess
Adding floor request 1 in the queue.
Adding floor request 2 in the queue.
Adding floor request 3 in the queue.
Adding floor request 5 in the queue.
Adding floor request 6U in the queue.
Starting moving at: 10/26/2021 11:29:26 PM
Current Floor: 0
Passed floor level 0 at time: 10/26/2021 11:29:29 PM
Arrive at floor: 1 at time: 10/26/2021 11:29:29 PM
Stoping at destination floor: 1 at time: 10/26/2021 11:29:29 PM
Starting moving at: 10/26/2021 11:29:33 PM
Current Floor: 1
Passed floor level 1 at time: 10/26/2021 11:29:36 PM
Arrive at floor: 2 at time: 10/26/2021 11:29:36 PM
Stoping at destination floor: 2 at time: 10/26/2021 11:29:36 PM
Starting moving at: 10/26/2021 11:29:39 PM
Current Floor: 2
Passed floor level 2 at time: 10/26/2021 11:29:42 PM
Arrive at floor: 3 at time: 10/26/2021 11:29:42 PM
Stoping at destination floor: 3 at time: 10/26/2021 11:29:42 PM
Starting moving at: 10/26/2021 11:30:53 PM
Current Floor: 3
Passed floor level 3 at time: 10/26/2021 11:30:56 PM
Starting moving at: 10/26/2021 11:30:56 PM
Current Floor: 4
Passed floor level 4 at time: 10/26/2021 11:30:59 PM
Arrive at floor: 5 at time: 10/26/2021 11:30:59 PM
Stoping at destination floor: 5 at time: 10/26/2021 11:30:59 PM
Starting moving at: 10/26/2021 11:31:05 PM
Current Floor: 5
Passed floor level 5 at time: 10/26/2021 11:31:08 PM
Arrive at floor: 6 at time: 10/26/2021 11:31:08 PM
Stoping at destination floor: 6 at time: 10/26/2021 11:31:08 PM
Elevator is currently Idle 
No remaining requests... exiting
Button Pressed.. Starting Proccess
Adding floor request 1 in the queue.
Adding floor request 4 in the queue.
Button Pressed.. Starting Proccess
Adding floor request 1 in the queue.
Adding floor request 2 in the queue.
Button Pressed.. Starting Proccess
Adding floor request 1 in the queue.
Adding floor request 2 in the queue.
Adding floor request 4 in the queue.
Starting moving at: 10/27/2021 8:35:38 PM
Current Floor: 0
Passed floor level 0 at time: 10/27/2021 8:35:41 PM
Arrive at floor: 1 at time: 10/27/2021 8:35:41 PM
Stoping at destination floor: 1 at time: 10/27/2021 8:35:41 PM
Starting moving at: 10/27/2021 8:35:51 PM
Current Floor: 1
Passed floor level 1 at time: 10/27/2021 8:35:54 PM
Arrive at floor: 2 at time: 10/27/2021 8:35:54 PM
Stoping at destination floor: 2 at time: 10/27/2021 8:35:54 PM
Starting moving at: 10/27/2021 8:36:01 PM
Current Floor: 2
Passed floor level 2 at time: 10/27/2021 8:36:04 PM
Starting moving at: 10/27/2021 8:36:04 PM
Current Floor: 3
Passed floor level 3 at time: 10/27/2021 8:36:07 PM
Arrive at floor: 4 at time: 10/27/2021 8:36:07 PM
Stoping at destination floor: 4 at time: 10/27/2021 8:36:07 PM
Elevator is currently Idle 
No remaining requests... exiting
Button Pressed.. Starting Proccess
Adding floor request 1 in the queue.
Adding floor request 2 in the queue.
Adding floor request 3 in the queue.
Starting moving at: 10/27/2021 8:37:20 PM
Current Floor: 0
Passed floor level 0 at time: 10/27/2021 8:37:23 PM
Arrive at floor: 1 at time: 10/27/2021 8:37:23 PM
Stoping at destination floor: 1 at time: 10/27/2021 8:37:23 PM
Starting moving at: 10/27/2021 8:37:28 PM
Current Floor: 1
Passed floor level 1 at time: 10/27/2021 8:37:31 PM
Arrive at floor: 2 at time: 10/27/2021 8:37:31 PM
Stoping at destination floor: 2 at time: 10/27/2021 8:37:31 PM
Starting moving at: 10/27/2021 8:37:34 PM
Current Floor: 2
Passed floor level 2 at time: 10/27/2021 8:37:37 PM
Arrive at floor: 3 at time: 10/27/2021 8:37:37 PM
Stoping at destination floor: 3 at time: 10/27/2021 8:37:37 PM
Elevator is currently Idle 
No remaining requests... exiting
Button Pressed.. Starting Proccess
Adding floor request 1 in the queue.
Adding floor request 2D in the queue.
Adding floor request 4 in the queue.
Button Pressed.. Starting Proccess
Adding floor request 1 in the queue.
Adding floor request 1D in the queue.
Adding floor request 3 in the queue.
Button Pressed.. Starting Proccess
Adding floor request 1 in the queue.
Adding floor request 2 in the queue.
Adding floor request 2D in the queue.
Adding floor request 4 in the queue.
Button Pressed.. Starting Proccess
Button Pressed.. Starting Proccess
Adding floor request  2U in the queue.
Adding floor request 1 in the queue.
Button Pressed.. Starting Proccess
Adding floor request 1 in the queue.
Adding floor request 2D in the queue.
Starting moving at: 10/27/2021 9:14:21 PM
Current Floor: 0
Passed floor level 0 at time: 10/27/2021 9:14:24 PM
Arrive at floor: 1 at time: 10/27/2021 9:14:24 PM
Stoping at destination floor: 1 at time: 10/27/2021 9:14:24 PM
Button Pressed.. Starting Proccess
Adding floor request 1 in the queue.
Adding floor request 2 in the queue.
Adding floor request 2D in the queue.
Adding floor request 5 in the queue.
Starting moving at: 10/27/2021 9:29:03 PM
Current Floor: 0
Passed floor level 0 at time: 10/27/2021 9:29:06 PM
Arrive at floor: 1 at time: 10/27/2021 9:29:06 PM
Stoping at destination floor: 1 at time: 10/27/2021 9:29:06 PM
Starting moving at: 10/27/2021 9:29:07 PM
Current Floor: 1
Passed floor level 1 at time: 10/27/2021 9:29:10 PM
Arrive at floor: 2 at time: 10/27/2021 9:29:10 PM
Stoping at destination floor: 2 at time: 10/27/2021 9:29:10 PM
Starting moving at: 10/27/2021 9:29:11 PM
Current Floor: 2
Passed floor level 2 at time: 10/27/2021 9:29:14 PM
Starting moving at: 10/27/2021 9:29:14 PM
Current Floor: 3
Passed floor level 3 at time: 10/27/2021 9:29:17 PM
Starting moving at: 10/27/2021 9:29:17 PM
Current Floor: 4
Passed floor level 4 at time: 10/27/2021 9:29:20 PM
Arrive at floor: 5 at time: 10/27/2021 9:29:20 PM
Stoping at destination floor: 5 at time: 10/27/2021 9:29:20 PM
Button Pressed.. Starting Proccess
Adding floor request 1 in the queue.
Adding floor request 2 in the queue.
Starting moving at: 10/27/2021 9:31:20 PM
Current Floor: 0
Passed floor level 0 at time: 10/27/2021 9:31:23 PM
Arrive at floor: 1 at time: 10/27/2021 9:31:23 PM
Stoping at destination floor: 1 at time: 10/27/2021 9:31:23 PM
Starting moving at: 10/27/2021 9:31:28 PM
Current Floor: 1
Passed floor level 1 at time: 10/27/2021 9:31:31 PM
Arrive at floor: 2 at time: 10/27/2021 9:31:31 PM
Stoping at destination floor: 2 at time: 10/27/2021 9:31:31 PM
Button Pressed.. Starting Proccess
Adding floor request 1 in the queue.
Adding floor request 1D in the queue.
Adding floor request 2 in the queue.
Adding floor request 3 in the queue.
Starting moving at: 10/27/2021 9:34:10 PM
Current Floor: 0
Passed floor level 0 at time: 10/27/2021 9:34:13 PM
Arrive at floor: 1 at time: 10/27/2021 9:34:13 PM
Stoping at destination floor: 1 at time: 10/27/2021 9:34:13 PM
Starting moving at: 10/27/2021 9:34:14 PM
Current Floor: 1
Passed floor level 1 at time: 10/27/2021 9:34:17 PM
Arrive at floor: 2 at time: 10/27/2021 9:34:17 PM
Stoping at destination floor: 2 at time: 10/27/2021 9:34:17 PM
Starting moving at: 10/27/2021 9:34:18 PM
Current Floor: 2
Passed floor level 2 at time: 10/27/2021 9:34:21 PM
Arrive at floor: 3 at time: 10/27/2021 9:34:21 PM
Stoping at destination floor: 3 at time: 10/27/2021 9:34:21 PM
Button Pressed.. Starting Proccess
Adding floor request 1 in the queue.
Adding floor request 2 in the queue.
Starting moving at: 10/27/2021 9:34:57 PM
Current Floor: 0
Passed floor level 0 at time: 10/27/2021 9:35:00 PM
Arrive at floor: 1 at time: 10/27/2021 9:35:00 PM
Stoping at destination floor: 1 at time: 10/27/2021 9:35:00 PM
Starting moving at: 10/27/2021 9:35:01 PM
Current Floor: 1
Passed floor level 1 at time: 10/27/2021 9:35:04 PM
Arrive at floor: 2 at time: 10/27/2021 9:35:04 PM
Stoping at destination floor: 2 at time: 10/27/2021 9:35:04 PM
Elevator is currently Idle 
No remaining requests... exiting
Button Pressed.. Starting Proccess
Adding floor request 1 in the queue.
Adding floor request 2 in the queue.
Adding floor request 5 in the queue.
Starting moving at: 10/27/2021 9:35:49 PM
Current Floor: 0
Passed floor level 0 at time: 10/27/2021 9:35:52 PM
Arrive at floor: 1 at time: 10/27/2021 9:35:52 PM
Stoping at destination floor: 1 at time: 10/27/2021 9:35:52 PM
Starting moving at: 10/27/2021 9:36:02 PM
Current Floor: 1
Passed floor level 1 at time: 10/27/2021 9:36:05 PM
Arrive at floor: 2 at time: 10/27/2021 9:36:05 PM
Stoping at destination floor: 2 at time: 10/27/2021 9:36:05 PM
Starting moving at: 10/27/2021 9:36:11 PM
Current Floor: 2
Passed floor level 2 at time: 10/27/2021 9:36:14 PM
Starting moving at: 10/27/2021 9:36:14 PM
Current Floor: 3
Passed floor level 3 at time: 10/27/2021 9:36:17 PM
Starting moving at: 10/27/2021 9:36:17 PM
Current Floor: 4
Passed floor level 4 at time: 10/27/2021 9:36:20 PM
Arrive at floor: 5 at time: 10/27/2021 9:36:20 PM
Stoping at destination floor: 5 at time: 10/27/2021 9:36:20 PM
Elevator is currently Idle 
No remaining requests... exiting
Button Pressed.. Starting Proccess
Adding floor request 1 in the queue.
Adding floor request 1D in the queue.
Adding floor request 2 in the queue.
Adding floor request 3 in the queue.
Starting moving at: 10/27/2021 9:37:25 PM
Current Floor: 0
Passed floor level 0 at time: 10/27/2021 9:37:28 PM
Arrive at floor: 1 at time: 10/27/2021 9:37:28 PM
Stoping at destination floor: 1 at time: 10/27/2021 9:37:28 PM
Starting moving at: 10/27/2021 9:37:30 PM
Current Floor: 1
Passed floor level 1 at time: 10/27/2021 9:37:33 PM
Arrive at floor: 2 at time: 10/27/2021 9:37:33 PM
Stoping at destination floor: 2 at time: 10/27/2021 9:37:33 PM
Starting moving at: 10/27/2021 9:37:36 PM
Current Floor: 2
Passed floor level 2 at time: 10/27/2021 9:37:39 PM
Arrive at floor: 3 at time: 10/27/2021 9:37:39 PM
Stoping at destination floor: 3 at time: 10/27/2021 9:37:39 PM
Button Pressed.. Starting Proccess
Adding floor request 1 in the queue.
Adding floor request 1D in the queue.
Adding floor request 2 in the queue.
Adding floor request 4 in the queue.
Starting moving at: 10/27/2021 11:49:14 PM
Current Floor: 0
Passed floor level 0 at time: 10/27/2021 11:49:17 PM
Arrive at floor: 1 at time: 10/27/2021 11:49:17 PM
Stoping at destination floor: 1 at time: 10/27/2021 11:49:17 PM
Starting moving at: 10/27/2021 11:49:18 PM
Current Floor: 1
Passed floor level 1 at time: 10/27/2021 11:49:21 PM
Arrive at floor: 2 at time: 10/27/2021 11:49:21 PM
Stoping at destination floor: 2 at time: 10/27/2021 11:49:21 PM
Starting moving at: 10/27/2021 11:49:22 PM
Current Floor: 2
Passed floor level 2 at time: 10/27/2021 11:49:25 PM
Starting moving at: 10/27/2021 11:49:25 PM
Current Floor: 3
Passed floor level 3 at time: 10/27/2021 11:49:28 PM
Arrive at floor: 4 at time: 10/27/2021 11:49:28 PM
Stoping at destination floor: 4 at time: 10/27/2021 11:49:28 PM
Arrive at floor: 1 at time: 10/27/2021 11:49:29 PM
Stoping at destination floor: 1 at time: 10/27/2021 11:49:29 PM
Elevator is currently Idle 
No remaining requests... exiting
Button Pressed.. Starting Proccess
Adding floor request 1 in the queue.
Adding floor request 1D in the queue.
Adding floor request 2 in the queue.
Adding floor request 3 in the queue.
Starting moving at: 10/27/2021 11:55:00 PM
Current Floor: 0
Passed floor level 0 at time: 10/27/2021 11:55:03 PM
Arrive at floor: 1 at time: 10/27/2021 11:55:03 PM
Stoping at destination floor: 1 at time: 10/27/2021 11:55:03 PM
Starting moving at: 10/27/2021 11:55:04 PM
Current Floor: 1
Passed floor level 1 at time: 10/27/2021 11:55:07 PM
Arrive at floor: 2 at time: 10/27/2021 11:55:07 PM
Stoping at destination floor: 2 at time: 10/27/2021 11:55:07 PM
Starting moving at: 10/27/2021 11:55:08 PM
Current Floor: 2
Passed floor level 2 at time: 10/27/2021 11:55:11 PM
Arrive at floor: 3 at time: 10/27/2021 11:55:11 PM
Stoping at destination floor: 3 at time: 10/27/2021 11:55:11 PM
Button Pressed.. Starting Proccess
Adding floor request 1 in the queue.
Adding floor request 1D in the queue.
Adding floor request 2 in the queue.
Adding floor request 3 in the queue.
Starting moving at: 10/27/2021 11:57:15 PM
Current Floor: 0
Passed floor level 0 at time: 10/27/2021 11:57:18 PM
Arrive at floor: 1 at time: 10/27/2021 11:57:18 PM
Stoping at destination floor: 1 at time: 10/27/2021 11:57:18 PM
Starting moving at: 10/27/2021 11:57:19 PM
Current Floor: 1
Passed floor level 1 at time: 10/27/2021 11:57:22 PM
Arrive at floor: 2 at time: 10/27/2021 11:57:22 PM
Stoping at destination floor: 2 at time: 10/27/2021 11:57:22 PM
Starting moving at: 10/27/2021 11:57:23 PM
Current Floor: 2
Passed floor level 2 at time: 10/27/2021 11:57:26 PM
Arrive at floor: 3 at time: 10/27/2021 11:57:26 PM
Stoping at destination floor: 3 at time: 10/27/2021 11:57:26 PM
Starting moving at: 10/27/2021 11:57:44 PM
Current Floor: 3
Passed floor level 3 at time: 10/27/2021 11:57:47 PM
Starting moving at: 10/27/2021 11:57:51 PM
Current Floor: 3
Passed floor level 3 at time: 10/27/2021 11:57:54 PM
Starting moving at: 10/27/2021 11:58:00 PM
Current Floor: 3
Passed floor level 3 at time: 10/27/2021 11:58:03 PM
Starting moving at: 10/27/2021 11:58:13 PM
Current Floor: 3
Passed floor level 3 at time: 10/27/2021 11:58:16 PM
Starting moving at: 10/27/2021 11:58:36 PM
Current Floor: 3
Passed floor level 3 at time: 10/27/2021 11:58:39 PM
Starting moving at: 10/27/2021 11:58:39 PM
Current Floor: 3
Passed floor level 3 at time: 10/27/2021 11:58:42 PM
Starting moving at: 10/27/2021 11:58:42 PM
Current Floor: 3
Passed floor level 3 at time: 10/27/2021 11:58:45 PM
Starting moving at: 10/27/2021 11:58:45 PM
Current Floor: 3
Passed floor level 3 at time: 10/27/2021 11:58:48 PM
Starting moving at: 10/27/2021 11:58:48 PM
Current Floor: 3
Passed floor level 3 at time: 10/27/2021 11:58:51 PM
Starting moving at: 10/27/2021 11:58:51 PM
Current Floor: 3
Passed floor level 3 at time: 10/27/2021 11:58:55 PM
Starting moving at: 10/27/2021 11:58:55 PM
Current Floor: 3
Passed floor level 3 at time: 10/27/2021 11:58:58 PM
Starting moving at: 10/27/2021 11:58:58 PM
Current Floor: 3
Passed floor level 3 at time: 10/27/2021 11:59:01 PM
Starting moving at: 10/27/2021 11:59:01 PM
Current Floor: 3
Passed floor level 3 at time: 10/27/2021 11:59:04 PM
Starting moving at: 10/27/2021 11:59:04 PM
Current Floor: 3
Passed floor level 3 at time: 10/27/2021 11:59:07 PM
Starting moving at: 10/27/2021 11:59:07 PM
Button Pressed.. Starting Proccess
Adding floor request 1 in the queue.
Adding floor request 1D in the queue.
Adding floor request 2 in the queue.
Starting moving at: 10/28/2021 12:03:27 AM
Current Floor: 0
Passed floor level 0 at time: 10/28/2021 12:03:30 AM
Arrive at floor: 1 at time: 10/28/2021 12:03:30 AM
Stoping at destination floor: 1 at time: 10/28/2021 12:03:30 AM
Starting moving at: 10/28/2021 12:03:31 AM
Current Floor: 1
Passed floor level 1 at time: 10/28/2021 12:03:34 AM
Arrive at floor: 2 at time: 10/28/2021 12:03:34 AM
Stoping at destination floor: 2 at time: 10/28/2021 12:03:34 AM
Starting moving at: 10/28/2021 12:05:53 AM
Current Floor: 2
Passed floor level 2 at time: 10/28/2021 12:05:56 AM
Starting moving at: 10/28/2021 12:06:50 AM
Current Floor: 2
Passed floor level 2 at time: 10/28/2021 12:06:53 AM
Button Pressed.. Starting Proccess
Adding floor request 1 in the queue.
Adding floor request 1D in the queue.
Adding floor request 2 in the queue.
Starting moving at: 10/28/2021 12:22:45 AM
Current Floor: 0
Passed floor level 0 at time: 10/28/2021 12:22:48 AM
Arrive at floor: 1 at time: 10/28/2021 12:22:48 AM
Stoping at destination floor: 1 at time: 10/28/2021 12:22:48 AM
Starting moving at: 10/28/2021 12:22:49 AM
Current Floor: 1
Passed floor level 1 at time: 10/28/2021 12:22:52 AM
Arrive at floor: 2 at time: 10/28/2021 12:22:52 AM
Stoping at destination floor: 2 at time: 10/28/2021 12:22:52 AM
Button Pressed.. Starting Proccess
Adding floor request 1 in the queue.
Adding floor request 1D in the queue.
Adding floor request 2 in the queue.
Starting moving at: 10/28/2021 2:13:24 AM
Current Floor: 0
Passed floor level 0 at time: 10/28/2021 2:13:27 AM
Arrive at floor: 1 at time: 10/28/2021 2:13:27 AM
Stoping at destination floor: 1 at time: 10/28/2021 2:13:27 AM
Starting moving at: 10/28/2021 2:13:28 AM
Current Floor: 1
Passed floor level 1 at time: 10/28/2021 2:13:31 AM
Arrive at floor: 2 at time: 10/28/2021 2:13:31 AM
Stoping at destination floor: 2 at time: 10/28/2021 2:13:31 AM
Starting moving at: 10/28/2021 2:14:18 AM
Current Floor: 2
Passed floor level 2 at time: 10/28/2021 2:14:21 AM
Arrive at floor: 1 at time: 10/28/2021 2:15:56 AM
Stoping at destination floor: 1 at time: 10/28/2021 2:15:56 AM
Elevator is currently Idle 
No remaining requests... exiting
Button Pressed.. Starting Proccess
Adding floor request 1 in the queue.
Adding floor request 1D in the queue.
Adding floor request 2 in the queue.
Starting moving at: 10/28/2021 2:22:34 AM
Current Floor: 0
Passed floor level 0 at time: 10/28/2021 2:22:37 AM
Arrive at floor: 1 at time: 10/28/2021 2:22:37 AM
Stoping at destination floor: 1 at time: 10/28/2021 2:22:37 AM
Starting moving at: 10/28/2021 2:22:38 AM
Current Floor: 1
Passed floor level 1 at time: 10/28/2021 2:22:41 AM
Arrive at floor: 2 at time: 10/28/2021 2:22:41 AM
Stoping at destination floor: 2 at time: 10/28/2021 2:22:41 AM
Starting moving at: 10/28/2021 2:22:42 AM
Current Floor: 2
Passed floor level 2 at time: 10/28/2021 2:22:45 AM
Arrive at floor: 1 at time: 10/28/2021 2:22:45 AM
Stoping at destination floor: 1 at time: 10/28/2021 2:22:45 AM
Elevator is currently Idle 
No remaining requests... exiting
Button Pressed.. Starting Proccess
Adding floor request 1 in the queue.
Starting moving at: 10/28/2021 2:33:34 AM
Current Floor: 0
Passed floor level 0 at time: 10/28/2021 2:33:37 AM
Arrive at floor: 1 at time: 10/28/2021 2:33:37 AM
Stoping at destination floor: 1 at time: 10/28/2021 2:33:37 AM
Elevator is currently Idle 
No remaining requests... exiting
Button Pressed.. Starting Proccess
Adding floor request 3 in the queue.
Starting moving at: 10/28/2021 2:33:48 AM
Current Floor: 0
Passed floor level 0 at time: 10/28/2021 2:33:51 AM
Starting moving at: 10/28/2021 2:33:51 AM
Current Floor: 1
Passed floor level 1 at time: 10/28/2021 2:33:54 AM
Starting moving at: 10/28/2021 2:33:54 AM
Current Floor: 2
Passed floor level 2 at time: 10/28/2021 2:33:57 AM
Arrive at floor: 3 at time: 10/28/2021 2:33:57 AM
Stoping at destination floor: 3 at time: 10/28/2021 2:33:57 AM
Elevator is currently Idle 
No remaining requests... exiting
Button Pressed.. Starting Proccess
Adding floor request 1 in the queue.
Starting moving at: 10/28/2021 2:39:14 AM
Current Floor: 0
Passed floor level 0 at time: 10/28/2021 2:39:17 AM
Arrive at floor: 1 at time: 10/28/2021 2:39:17 AM
Stoping at destination floor: 1 at time: 10/28/2021 2:39:17 AM
Elevator is currently Idle 
No remaining requests... exiting
Button Pressed.. Starting Proccess
Adding floor request 1 in the queue.
Starting moving at: 10/28/2021 2:40:10 AM
Current Floor: 0
Passed floor level 0 at time: 10/28/2021 2:40:13 AM
Arrive at floor: 1 at time: 10/28/2021 2:40:13 AM
Stoping at destination floor: 1 at time: 10/28/2021 2:40:13 AM
Elevator is currently Idle 
No remaining requests... exiting
Button Pressed.. Starting Proccess
Adding floor request 1 in the queue.
Starting moving at: 10/28/2021 4:31:36 PM
Current Floor: 0
Passed floor level 0 at time: 10/28/2021 4:31:39 PM
Arrive at floor: 1 at time: 10/28/2021 4:31:39 PM
Stoping at destination floor: 1 at time: 10/28/2021 4:31:39 PM
Elevator is currently Idle 
No remaining requests... exiting
Button Pressed.. Starting Proccess
Adding floor request 3 in the queue.
Starting moving at: 10/28/2021 4:31:52 PM
Current Floor: 0
Passed floor level 0 at time: 10/28/2021 4:31:55 PM
Starting moving at: 10/28/2021 4:31:55 PM
Current Floor: 1
Passed floor level 1 at time: 10/28/2021 4:31:58 PM
Starting moving at: 10/28/2021 4:31:58 PM
Current Floor: 2
Passed floor level 2 at time: 10/28/2021 4:32:01 PM
Arrive at floor: 3 at time: 10/28/2021 4:32:01 PM
Stoping at destination floor: 3 at time: 10/28/2021 4:32:01 PM
Elevator is currently Idle 
No remaining requests... exiting
Button Pressed.. Starting Proccess
Adding floor request ww29 in the queue.
Button Pressed.. Starting Proccess
Adding floor request 3 in the queue.
Starting moving at: 10/28/2021 4:32:32 PM
Current Floor: 0
Passed floor level 0 at time: 10/28/2021 4:32:35 PM
Starting moving at: 10/28/2021 4:32:35 PM
Current Floor: 1
Passed floor level 1 at time: 10/28/2021 4:32:38 PM
Starting moving at: 10/28/2021 4:32:38 PM
Current Floor: 2
Passed floor level 2 at time: 10/28/2021 4:32:41 PM
Arrive at floor: 3 at time: 10/28/2021 4:32:41 PM
Stoping at destination floor: 3 at time: 10/28/2021 4:32:41 PM
Elevator is currently Idle 
No remaining requests... exiting
Button Pressed.. Starting Proccess
Adding floor request 5 in the queue.
Starting moving at: 10/28/2021 4:32:44 PM
Current Floor: 0
Passed floor level 0 at time: 10/28/2021 4:32:47 PM
Starting moving at: 10/28/2021 4:32:47 PM
Current Floor: 1
Passed floor level 1 at time: 10/28/2021 4:32:50 PM
Starting moving at: 10/28/2021 4:32:50 PM
Current Floor: 2
Passed floor level 2 at time: 10/28/2021 4:32:53 PM
Starting moving at: 10/28/2021 4:32:53 PM
Current Floor: 3
Passed floor level 3 at time: 10/28/2021 4:32:56 PM
Starting moving at: 10/28/2021 4:32:56 PM
Current Floor: 4
Passed floor level 4 at time: 10/28/2021 4:32:59 PM
Arrive at floor: 5 at time: 10/28/2021 4:32:59 PM
Stoping at destination floor: 5 at time: 10/28/2021 4:32:59 PM
Elevator is currently Idle 
No remaining requests... exiting
Button Pressed.. Starting Proccess
Adding floor request 1 in the queue.
Starting moving at: 10/28/2021 4:33:13 PM
Current Floor: 0
Passed floor level 0 at time: 10/28/2021 4:33:16 PM
Arrive at floor: 1 at time: 10/28/2021 4:33:16 PM
Stoping at destination floor: 1 at time: 10/28/2021 4:33:16 PM
Elevator is currently Idle 
No remaining requests... exiting
Button Pressed.. Starting Proccess
Adding floor request 1,2,1D,6 in the queue.
Button Pressed.. Starting Proccess
Adding floor request 1 in the queue.
Starting moving at: 10/28/2021 4:36:25 PM
Current Floor: 0
Passed floor level 0 at time: 10/28/2021 4:36:28 PM
Arrive at floor: 1 at time: 10/28/2021 4:36:28 PM
Stoping at destination floor: 1 at time: 10/28/2021 4:36:28 PM
Elevator is currently Idle 
No remaining requests... exiting
Button Pressed.. Starting Proccess
Adding floor request 0 in the queue.
Button Pressed.. Starting Proccess
Adding floor request 5 in the queue.
Starting moving at: 10/28/2021 4:37:31 PM
Current Floor: 0
Passed floor level 0 at time: 10/28/2021 4:37:34 PM
Starting moving at: 10/28/2021 4:37:34 PM
Current Floor: 1
Passed floor level 1 at time: 10/28/2021 4:37:37 PM
Starting moving at: 10/28/2021 4:37:37 PM
Current Floor: 2
Passed floor level 2 at time: 10/28/2021 4:37:40 PM
Starting moving at: 10/28/2021 4:37:40 PM
Current Floor: 3
Passed floor level 3 at time: 10/28/2021 4:37:43 PM
Starting moving at: 10/28/2021 4:37:43 PM
Current Floor: 4
Passed floor level 4 at time: 10/28/2021 4:37:46 PM
Arrive at floor: 5 at time: 10/28/2021 4:37:46 PM
Stoping at destination floor: 5 at time: 10/28/2021 4:37:46 PM
Elevator is currently Idle 
No remaining requests... exiting
Button Pressed.. Starting Proccess
Adding floor request 3 in the queue.
Starting moving at: 10/28/2021 4:39:44 PM
Current Floor: 0
Passed floor level 0 at time: 10/28/2021 4:39:47 PM
Starting moving at: 10/28/2021 4:39:47 PM
Current Floor: 1
Passed floor level 1 at time: 10/28/2021 4:39:50 PM
Starting moving at: 10/28/2021 4:39:50 PM
Current Floor: 2
Passed floor level 2 at time: 10/28/2021 4:39:53 PM
Arrive at floor: 3 at time: 10/28/2021 4:39:53 PM
Stoping at destination floor: 3 at time: 10/28/2021 4:39:53 PM
Elevator is currently Idle 
No remaining requests... exiting
Button Pressed.. Starting Proccess
Adding floor request 3 in the queue.
Starting moving at: 10/28/2021 4:40:49 PM
Current Floor: 0
Passed floor level 0 at time: 10/28/2021 4:40:52 PM
Starting moving at: 10/28/2021 4:40:52 PM
Current Floor: 1
Passed floor level 1 at time: 10/28/2021 4:40:55 PM
Starting moving at: 10/28/2021 4:40:55 PM
Current Floor: 2
Passed floor level 2 at time: 10/28/2021 4:40:58 PM
Arrive at floor: 3 at time: 10/28/2021 4:40:58 PM
Stoping at destination floor: 3 at time: 10/28/2021 4:40:58 PM
Button Pressed.. Starting Proccess
Adding floor request 1 in the queue.
Starting moving at: 10/28/2021 4:42:18 PM
Current Floor: 0
Passed floor level 0 at time: 10/28/2021 4:42:21 PM
Arrive at floor: 1 at time: 10/28/2021 4:42:21 PM
Stoping at destination floor: 1 at time: 10/28/2021 4:42:21 PM
Button Pressed.. Starting Proccess
Adding floor request 1 in the queue.
Starting moving at: 10/29/2021 3:21:27 AM
Current Floor: 0
Passed floor level 0 at time: 10/29/2021 3:21:36 AM
Arrive at floor: 1 at time: 10/29/2021 3:21:36 AM
Stoping at destination floor: 1 at time: 10/29/2021 3:21:36 AM
Elevator is currently Idle 
No remaining requests... exiting
Button Pressed.. Starting Proccess
Adding floor request 2 in the queue.
Starting moving at: 10/29/2021 3:22:13 AM
Current Floor: 0
Passed floor level 0 at time: 10/29/2021 3:22:17 AM
Starting moving at: 10/29/2021 3:22:17 AM
Current Floor: 1
Passed floor level 1 at time: 10/29/2021 3:22:20 AM
Arrive at floor: 2 at time: 10/29/2021 3:22:20 AM
Stoping at destination floor: 2 at time: 10/29/2021 3:22:20 AM
Elevator is currently Idle 
No remaining requests... exiting
Button Pressed.. Starting Proccess
Adding floor request 1 in the queue.
Starting moving at: 10/29/2021 3:25:30 AM
Current Floor: 0
Passed floor level 0 at time: 10/29/2021 3:25:33 AM
Arrive at floor: 1 at time: 10/29/2021 3:25:33 AM
Stoping at destination floor: 1 at time: 10/29/2021 3:25:33 AM
Button Pressed.. Starting Proccess
Adding floor request 2 in the queue.
Elevator is currently Idle 
No remaining requests... exiting
Starting moving at: 10/29/2021 3:25:54 AM
Current Floor: 1
Passed floor level 1 at time: 10/29/2021 3:25:57 AM
Arrive at floor: 2 at time: 10/29/2021 3:25:57 AM
Stoping at destination floor: 2 at time: 10/29/2021 3:25:57 AM
Elevator is currently Idle 
No remaining requests... exiting
Button Pressed.. Starting Proccess
Adding floor request 3 in the queue.
Starting moving at: 10/29/2021 3:27:02 AM
Current Floor: 2
Passed floor level 2 at time: 10/29/2021 3:27:05 AM
Arrive at floor: 3 at time: 10/29/2021 3:27:05 AM
Stoping at destination floor: 3 at time: 10/29/2021 3:27:05 AM
Elevator is currently Idle 
No remaining requests... exiting
Button Pressed.. Starting Proccess
Adding floor request 4 in the queue.
Starting moving at: 10/29/2021 3:28:29 AM
Current Floor: 3
Passed floor level 3 at time: 10/29/2021 3:28:32 AM
Arrive at floor: 4 at time: 10/29/2021 3:28:32 AM
Stoping at destination floor: 4 at time: 10/29/2021 3:28:32 AM
Elevator is currently Idle 
No remaining requests... exiting
Button Pressed.. Starting Proccess
Adding floor request 2 in the queue.
Starting moving at: 10/29/2021 3:30:25 AM
Current Floor: 0
Passed floor level 0 at time: 10/29/2021 3:30:28 AM
Starting moving at: 10/29/2021 3:30:28 AM
Current Floor: 1
Passed floor level 1 at time: 10/29/2021 3:30:31 AM
Arrive at floor: 2 at time: 10/29/2021 3:30:31 AM
Stoping at destination floor: 2 at time: 10/29/2021 3:30:31 AM
Elevator is currently Idle 
No remaining requests... exiting
Button Pressed.. Starting Proccess
Adding floor request 5 in the queue.
Starting moving at: 10/29/2021 3:31:49 AM
Current Floor: 2
Passed floor level 2 at time: 10/29/2021 3:31:52 AM
Starting moving at: 10/29/2021 3:31:52 AM
Current Floor: 3
Passed floor level 3 at time: 10/29/2021 3:31:55 AM
Starting moving at: 10/29/2021 3:31:55 AM
Current Floor: 4
Passed floor level 4 at time: 10/29/2021 3:31:58 AM
Arrive at floor: 5 at time: 10/29/2021 3:31:58 AM
Stoping at destination floor: 5 at time: 10/29/2021 3:31:58 AM
Elevator is currently Idle 
No remaining requests... exiting
Button Pressed.. Starting Proccess
Adding floor request 2D in the queue.
Starting moving at: 10/29/2021 3:32:49 AM
Current Floor: 5
Passed floor level 5 at time: 10/29/2021 3:32:53 AM
Starting moving at: 10/29/2021 3:32:53 AM
Current Floor: 5
Passed floor level 5 at time: 10/29/2021 3:32:56 AM
Starting moving at: 10/29/2021 3:32:56 AM
Current Floor: 5
Passed floor level 5 at time: 10/29/2021 3:32:59 AM
Arrive at floor: 2 at time: 10/29/2021 3:32:59 AM
Stoping at destination floor: 2 at time: 10/29/2021 3:32:59 AM
Elevator is currently Idle 
No remaining requests... exiting
Button Pressed.. Starting Proccess
Adding floor request 6 in the queue.
Starting moving at: 10/29/2021 3:38:39 AM
Current Floor: 0
Passed floor level 0 at time: 10/29/2021 3:38:43 AM
Starting moving at: 10/29/2021 3:38:43 AM
Button Pressed.. Starting Proccess
Adding floor request 4 in the queue.
Current Floor: 1
Starting moving at: 10/29/2021 3:39:04 AM
Passed floor level 1 at time: 10/29/2021 3:39:04 AM
Starting moving at: 10/29/2021 3:39:04 AM
Current Floor: 2
Passed floor level 2 at time: 10/29/2021 3:39:07 AM
Starting moving at: 10/29/2021 3:39:07 AM
Current Floor: 0
Passed floor level 0 at time: 10/29/2021 3:39:07 AM
Starting moving at: 10/29/2021 3:39:07 AM
Current Floor: 1
Passed floor level 1 at time: 10/29/2021 3:39:10 AM
Starting moving at: 10/29/2021 3:39:10 AM
Current Floor: 3
Passed floor level 3 at time: 10/29/2021 3:39:10 AM
Starting moving at: 10/29/2021 3:39:10 AM
Current Floor: 2
Passed floor level 2 at time: 10/29/2021 3:39:13 AM
Starting moving at: 10/29/2021 3:39:13 AM
Current Floor: 4
Passed floor level 4 at time: 10/29/2021 3:39:13 AM
Starting moving at: 10/29/2021 3:39:13 AM
Current Floor: 3
Passed floor level 3 at time: 10/29/2021 3:39:16 AM
Arrive at floor: 4 at time: 10/29/2021 3:39:16 AM
Stoping at destination floor: 4 at time: 10/29/2021 3:39:16 AM
Current Floor: 5
Passed floor level 5 at time: 10/29/2021 3:39:16 AM
Arrive at floor: 6 at time: 10/29/2021 3:39:16 AM
Stoping at destination floor: 6 at time: 10/29/2021 3:39:16 AM
Button Pressed.. Starting Proccess
Adding floor request 6 in the queue.
Starting moving at: 10/29/2021 11:34:59 PM
Current Floor: 0
Passed floor level 0 at time: 10/29/2021 11:35:02 PM
Button Pressed.. Starting Proccess
Adding floor request 6 in the queue.
Starting moving at: 10/30/2021 1:53:37 PM
Current Floor: 0
Passed floor level 0 at time: 10/30/2021 1:53:40 PM
Button Pressed.. Starting Proccess
Adding floor request 6 in the queue.
Starting moving at: 10/30/2021 1:57:44 PM
Current Floor: 0
Passed floor level 0 at time: 10/30/2021 1:57:47 PM
Starting moving at: 10/30/2021 1:58:33 PM
Current Floor: 0
Passed floor level 0 at time: 10/30/2021 1:58:36 PM
Button Pressed.. Starting Proccess
Adding floor request 7 in the queue.
Starting moving at: 10/30/2021 2:56:23 PM
Current Floor: 0
Passed floor level 0 at time: 10/30/2021 2:56:26 PM
Starting moving at: 10/30/2021 2:58:05 PM
Current Floor: 0
Passed floor level 0 at time: 10/30/2021 2:58:26 PM
Starting moving at: 10/30/2021 2:58:36 PM
Current Floor: 0
Passed floor level 0 at time: 10/30/2021 2:58:39 PM
Button Pressed.. Starting Proccess
Adding floor request 7 in the queue.
Starting moving at: 10/30/2021 3:11:36 PM
Current Floor: 0
Passed floor level 0 at time: 10/30/2021 3:11:39 PM
Button Pressed.. Starting Proccess
Adding floor request 7 in the queue.
Starting moving at: 10/30/2021 3:12:27 PM
Current Floor: 0
Passed floor level 0 at time: 10/30/2021 3:12:30 PM
Starting moving at: 10/30/2021 3:13:07 PM
Current Floor: 1
Passed floor level 1 at time: 10/30/2021 3:13:10 PM
Button Pressed.. Starting Proccess
Adding floor request 6 in the queue.
Starting moving at: 10/30/2021 3:14:10 PM
Current Floor: 0
Passed floor level 0 at time: 10/30/2021 3:14:13 PM
Starting moving at: 10/30/2021 3:14:48 PM
Current Floor: 1
Passed floor level 1 at time: 10/30/2021 3:14:51 PM
Button Pressed.. Starting Proccess
Adding floor request 7 in the queue.
Starting moving at: 10/30/2021 3:15:31 PM
Current Floor: 0
Passed floor level 0 at time: 10/30/2021 3:15:34 PM
Button Pressed.. Starting Proccess
Adding floor request 6 in the queue.
Starting moving at: 10/30/2021 6:37:13 PM
Current Floor: 0
Passed floor level 0 at time: 10/30/2021 6:37:16 PM
Starting moving at: 10/30/2021 6:37:47 PM
Current Floor: 1
Passed floor level 1 at time: 10/30/2021 6:37:50 PM
Starting moving at: 10/30/2021 6:38:40 PM
Current Floor: 3
Passed floor level 3 at time: 10/30/2021 6:38:43 PM
Starting moving at: 10/30/2021 6:40:14 PM
Current Floor: 4
Passed floor level 4 at time: 10/30/2021 6:40:17 PM
Button Pressed.. Starting Proccess
Adding floor request 6 in the queue.
Starting moving at: 10/30/2021 6:41:08 PM
Current Floor: 0
Passed floor level 0 at time: 10/30/2021 6:41:11 PM
Starting moving at: 10/30/2021 6:41:19 PM
Current Floor: 0
Passed floor level 0 at time: 10/30/2021 6:41:22 PM
Button Pressed.. Starting Proccess
Adding floor request 7 in the queue.
Starting moving at: 10/30/2021 6:42:10 PM
Current Floor: 0
Passed floor level 0 at time: 10/30/2021 6:42:14 PM
Starting moving at: 10/30/2021 6:42:26 PM
Current Floor: 0
Passed floor level 0 at time: 10/30/2021 6:42:29 PM
Button Pressed.. Starting Proccess
Adding floor request 5 in the queue.
Starting moving at: 10/30/2021 6:43:36 PM
Current Floor: 0
Passed floor level 0 at time: 10/30/2021 6:43:39 PM
Starting moving at: 10/30/2021 6:44:12 PM
Current Floor: 1
Passed floor level 1 at time: 10/30/2021 6:44:15 PM
Starting moving at: 10/30/2021 6:44:28 PM
Current Floor: 2
Passed floor level 2 at time: 10/30/2021 6:44:31 PM
Starting moving at: 10/30/2021 6:44:47 PM
Current Floor: 3
Passed floor level 3 at time: 10/30/2021 6:44:50 PM
Starting moving at: 10/30/2021 6:45:10 PM
Current Floor: 4
Passed floor level 4 at time: 10/30/2021 6:45:13 PM
Starting moving at: 10/30/2021 6:45:21 PM
Current Floor: 4
Passed floor level 4 at time: 10/30/2021 6:45:24 PM
Button Pressed.. Starting Proccess
Adding floor request 4 in the queue.
Starting moving at: 10/30/2021 6:47:58 PM
Current Floor: 0
Passed floor level 0 at time: 10/30/2021 6:48:01 PM
Starting moving at: 10/30/2021 6:48:12 PM
Current Floor: 1
Passed floor level 1 at time: 10/30/2021 6:48:15 PM
Starting moving at: 10/30/2021 6:48:26 PM
Current Floor: 2
Passed floor level 2 at time: 10/30/2021 6:48:29 PM
Starting moving at: 10/30/2021 6:49:07 PM
Current Floor: 3
Passed floor level 3 at time: 10/30/2021 6:49:10 PM
Button Pressed.. Starting Proccess
Adding floor request 3 in the queue.
Starting moving at: 10/30/2021 6:50:39 PM
Current Floor: 0
Passed floor level 0 at time: 10/30/2021 6:50:42 PM
Starting moving at: 10/30/2021 6:50:44 PM
Current Floor: 1
Passed floor level 1 at time: 10/30/2021 6:50:47 PM
Starting moving at: 10/30/2021 6:50:49 PM
Current Floor: 2
Passed floor level 2 at time: 10/30/2021 6:50:52 PM
Starting moving at: 10/30/2021 6:51:04 PM
Current Floor: 3
Passed floor level 3 at time: 10/30/2021 6:51:07 PM
Starting moving at: 10/30/2021 6:52:04 PM
Current Floor: 3
Passed floor level 3 at time: 10/30/2021 6:52:07 PM
Button Pressed.. Starting Proccess
Adding floor request 4 in the queue.
Starting moving at: 10/30/2021 6:54:21 PM
Current Floor: 0
Passed floor level 0 at time: 10/30/2021 6:54:24 PM
Starting moving at: 10/30/2021 6:54:26 PM
Current Floor: 1
Passed floor level 1 at time: 10/30/2021 6:54:29 PM
Starting moving at: 10/30/2021 6:54:30 PM
Current Floor: 2
Passed floor level 2 at time: 10/30/2021 6:54:33 PM
Starting moving at: 10/30/2021 6:54:35 PM
Current Floor: 3
Passed floor level 3 at time: 10/30/2021 6:54:38 PM
Starting moving at: 10/30/2021 6:55:13 PM
Current Floor: 3
Passed floor level 3 at time: 10/30/2021 6:55:16 PM
Button Pressed.. Starting Proccess
Adding floor request 4 in the queue.
Starting moving at: 10/30/2021 6:57:34 PM
Current Floor: 0
Passed floor level 0 at time: 10/30/2021 6:57:37 PM
Starting moving at: 10/30/2021 6:57:37 PM
Current Floor: 1
Passed floor level 1 at time: 10/30/2021 6:57:40 PM
Starting moving at: 10/30/2021 6:57:40 PM
Current Floor: 2
Passed floor level 2 at time: 10/30/2021 6:57:43 PM
Starting moving at: 10/30/2021 6:57:43 PM
Current Floor: 3
Passed floor level 3 at time: 10/30/2021 6:57:46 PM
Starting moving at: 10/30/2021 6:57:49 PM
Current Floor: 3
Passed floor level 3 at time: 10/30/2021 6:57:52 PM
Starting moving at: 10/30/2021 6:57:54 PM
Current Floor: 2
Passed floor level 2 at time: 10/30/2021 6:57:57 PM
Starting moving at: 10/30/2021 6:57:57 PM
Current Floor: 3
Passed floor level 3 at time: 10/30/2021 6:58:00 PM
Starting moving at: 10/30/2021 6:58:14 PM
Current Floor: 3
Passed floor level 3 at time: 10/30/2021 6:58:18 PM
Button Pressed.. Starting Proccess
Adding floor request 5 in the queue.
Starting moving at: 10/30/2021 6:58:51 PM
Current Floor: 0
Passed floor level 0 at time: 10/30/2021 6:58:54 PM
Starting moving at: 10/30/2021 6:58:54 PM
Current Floor: 1
Passed floor level 1 at time: 10/30/2021 6:58:57 PM
Starting moving at: 10/30/2021 6:58:57 PM
Current Floor: 2
Passed floor level 2 at time: 10/30/2021 6:59:00 PM
Starting moving at: 10/30/2021 6:59:00 PM
Current Floor: 3
Passed floor level 3 at time: 10/30/2021 6:59:03 PM
Starting moving at: 10/30/2021 6:59:03 PM
Current Floor: 4
Passed floor level 4 at time: 10/30/2021 6:59:06 PM
Starting moving at: 10/30/2021 6:59:26 PM
Current Floor: 4
Passed floor level 4 at time: 10/30/2021 6:59:29 PM
Button Pressed.. Starting Proccess
Adding floor request 5 in the queue.
Starting moving at: 10/30/2021 7:02:30 PM
Current Floor: 0
Passed floor level 0 at time: 10/30/2021 7:02:33 PM
Starting moving at: 10/30/2021 7:02:33 PM
Current Floor: 1
Passed floor level 1 at time: 10/30/2021 7:02:36 PM
Starting moving at: 10/30/2021 7:02:36 PM
Current Floor: 2
Passed floor level 2 at time: 10/30/2021 7:02:39 PM
Starting moving at: 10/30/2021 7:02:39 PM
Current Floor: 3
Passed floor level 3 at time: 10/30/2021 7:02:42 PM
Starting moving at: 10/30/2021 7:02:42 PM
Current Floor: 4
Passed floor level 4 at time: 10/30/2021 7:02:45 PM
Starting moving at: 10/30/2021 7:08:54 PM
Current Floor: 4
Passed floor level 4 at time: 10/30/2021 10:17:27 PM
Button Pressed.. Starting Proccess
Adding floor request 4 in the queue.
Starting moving at: 10/30/2021 10:24:50 PM
Current Floor: 0
Passed floor level 0 at time: 10/30/2021 10:24:53 PM
Starting moving at: 10/30/2021 10:25:17 PM
Current Floor: 1
Passed floor level 1 at time: 10/30/2021 10:25:21 PM
Starting moving at: 10/30/2021 10:25:24 PM
Current Floor: 2
Passed floor level 2 at time: 10/30/2021 10:25:27 PM
Starting moving at: 10/30/2021 10:25:29 PM
Current Floor: 3
Passed floor level 3 at time: 10/30/2021 10:25:32 PM
Arrive at floor: 4 at time: 10/30/2021 10:26:25 PM
Stoping at destination floor: 4 at time: 10/30/2021 10:26:25 PM
Elevator is currently Idle 
No remaining requests... exiting
Button Pressed.. Starting Proccess
Adding floor request 6 in the queue.
Starting moving at: 10/30/2021 10:27:47 PM
Current Floor: 4
Passed floor level 4 at time: 10/30/2021 10:27:50 PM
Starting moving at: 10/30/2021 10:27:54 PM
Current Floor: 5
Passed floor level 5 at time: 10/30/2021 10:27:57 PM
Arrive at floor: 6 at time: 10/30/2021 10:28:12 PM
Stoping at destination floor: 6 at time: 10/30/2021 10:28:12 PM
Elevator is currently Idle 
No remaining requests... exiting
Button Pressed.. Starting Proccess
Adding floor request 7U in the queue.
Starting moving at: 10/30/2021 10:29:40 PM
Current Floor: 6
Passed floor level 6 at time: 10/30/2021 10:29:43 PM
Arrive at floor: 7 at time: 10/30/2021 10:29:57 PM
Stoping at destination floor: 7 at time: 10/30/2021 10:29:57 PM
Elevator is currently Idle 
No remaining requests... exiting
Button Pressed.. Starting Proccess
Adding floor request 2U in the queue.
Button Pressed.. Starting Proccess
Adding floor request 1 in the queue.
Starting moving at: 10/30/2021 10:53:36 PM
Current Floor: 0
Passed floor level 0 at time: 10/30/2021 10:53:39 PM
Arrive at floor: 1 at time: 10/30/2021 10:53:39 PM
Stoping at destination floor: 1 at time: 10/30/2021 10:53:39 PM
Elevator is currently Idle 
No remaining requests... exiting
Button Pressed.. Starting Proccess
Adding floor request 3 in the queue.
Starting moving at: 10/30/2021 10:54:40 PM
Current Floor: 1
Passed floor level 1 at time: 10/30/2021 10:54:43 PM
Starting moving at: 10/30/2021 10:54:43 PM
Current Floor: 2
Passed floor level 2 at time: 10/30/2021 10:54:46 PM
Arrive at floor: 3 at time: 10/30/2021 10:54:46 PM
Stoping at destination floor: 3 at time: 10/30/2021 10:54:46 PM
Elevator is currently Idle 
No remaining requests... exiting
Button Pressed.. Starting Proccess
Adding floor request 5 in the queue.
Starting moving at: 10/30/2021 10:55:24 PM
Current Floor: 3
Passed floor level 3 at time: 10/30/2021 10:55:27 PM
Starting moving at: 10/30/2021 10:55:28 PM
Current Floor: 4
Passed floor level 4 at time: 10/30/2021 10:55:31 PM
Arrive at floor: 5 at time: 10/30/2021 10:55:31 PM
Stoping at destination floor: 5 at time: 10/30/2021 10:55:31 PM
Elevator is currently Idle 
No remaining requests... exiting
Button Pressed.. Starting Proccess
Adding floor request 6U in the queue.
Starting moving at: 10/30/2021 10:56:02 PM
Current Floor: 5
Passed floor level 5 at time: 10/30/2021 10:56:05 PM
Arrive at floor: 6 at time: 10/30/2021 10:56:05 PM
Stoping at destination floor: 6 at time: 10/30/2021 10:56:05 PM
Elevator is currently Idle 
No remaining requests... exiting
Button Pressed.. Starting Proccess
Adding floor request 5 in the queue.
Starting moving at: 10/30/2021 10:56:52 PM
Current Floor: 6
Passed floor level 6 at time: 10/30/2021 10:57:00 PM
Button Pressed.. Starting Proccess
Adding floor request 3 in the queue.
Starting moving at: 10/30/2021 11:04:23 PM
Current Floor: 0
Passed floor level 0 at time: 10/30/2021 11:04:26 PM
Starting moving at: 10/30/2021 11:04:26 PM
Current Floor: 1
Passed floor level 1 at time: 10/30/2021 11:04:29 PM
Starting moving at: 10/30/2021 11:04:29 PM
Current Floor: 2
Passed floor level 2 at time: 10/30/2021 11:04:32 PM
Arrive at floor: 3 at time: 10/30/2021 11:04:32 PM
Stoping at destination floor: 3 at time: 10/30/2021 11:04:32 PM
Elevator is currently Idle 
No remaining requests... exiting
Button Pressed.. Starting Proccess
Adding floor request 2 in the queue.
Starting moving at: 10/30/2021 11:05:22 PM
Current Floor: 3
Passed floor level 3 at time: 10/30/2021 11:05:25 PM
Button Pressed.. Starting Proccess
Adding floor request 3 in the queue.
Starting moving at: 10/30/2021 11:06:59 PM
Current Floor: 0
Passed floor level 0 at time: 10/30/2021 11:07:02 PM
Starting moving at: 10/30/2021 11:07:02 PM
Current Floor: 1
Passed floor level 1 at time: 10/30/2021 11:07:06 PM
Starting moving at: 10/30/2021 11:07:06 PM
Current Floor: 2
Passed floor level 2 at time: 10/30/2021 11:07:09 PM
Arrive at floor: 3 at time: 10/30/2021 11:07:09 PM
Stoping at destination floor: 3 at time: 10/30/2021 11:07:09 PM
Elevator is currently Idle 
No remaining requests... exiting
Button Pressed.. Starting Proccess
Adding floor request 2 in the queue.
Starting moving at: 10/30/2021 11:07:33 PM
Current Floor: 3
Passed floor level 3 at time: 10/30/2021 11:07:36 PM
Arrive at floor: 2 at time: 10/30/2021 11:08:12 PM
Stoping at destination floor: 2 at time: 10/30/2021 11:08:12 PM
Button Pressed.. Starting Proccess
Adding floor request 5 in the queue.
Starting moving at: 10/30/2021 11:09:53 PM
Current Floor: 0
Passed floor level 0 at time: 10/30/2021 11:09:56 PM
Starting moving at: 10/30/2021 11:09:56 PM
Current Floor: 1
Passed floor level 1 at time: 10/30/2021 11:09:59 PM
Starting moving at: 10/30/2021 11:09:59 PM
Current Floor: 2
Passed floor level 2 at time: 10/30/2021 11:10:02 PM
Starting moving at: 10/30/2021 11:10:02 PM
Current Floor: 3
Passed floor level 3 at time: 10/30/2021 11:10:05 PM
Starting moving at: 10/30/2021 11:10:05 PM
Current Floor: 4
Passed floor level 4 at time: 10/30/2021 11:10:08 PM
Arrive at floor: 5 at time: 10/30/2021 11:10:08 PM
Stoping at destination floor: 5 at time: 10/30/2021 11:10:08 PM
Elevator is currently Idle 
No remaining requests... exiting
Button Pressed.. Starting Proccess
Adding floor request 3 in the queue.
Starting moving at: 10/30/2021 11:16:01 PM
Current Floor: 0
Passed floor level 0 at time: 10/30/2021 11:16:04 PM
Starting moving at: 10/30/2021 11:16:04 PM
Current Floor: 1
Passed floor level 1 at time: 10/30/2021 11:16:07 PM
Starting moving at: 10/30/2021 11:16:07 PM
Current Floor: 2
Passed floor level 2 at time: 10/30/2021 11:16:10 PM
Arrive at floor: 3 at time: 10/30/2021 11:16:10 PM
Stoping at destination floor: 3 at time: 10/30/2021 11:16:10 PM
Elevator is currently Idle 
No remaining requests... exiting
Button Pressed.. Starting Proccess
Adding floor request 2 in the queue.
Starting moving at: 10/30/2021 11:16:26 PM
Current Floor: 3
Passed floor level 3 at time: 10/30/2021 11:16:29 PM
Arrive at floor: 2 at time: 10/30/2021 11:16:38 PM
Stoping at destination floor: 2 at time: 10/30/2021 11:16:38 PM
Elevator is currently Idle 
No remaining requests... exiting
Button Pressed.. Starting Proccess
Adding floor request 4 in the queue.
Starting moving at: 10/30/2021 11:18:47 PM
Current Floor: 2
Passed floor level 2 at time: 10/30/2021 11:18:50 PM
Starting moving at: 10/30/2021 11:18:50 PM
Current Floor: 3
Passed floor level 3 at time: 10/30/2021 11:18:53 PM
Arrive at floor: 4 at time: 10/30/2021 11:18:53 PM
Stoping at destination floor: 4 at time: 10/30/2021 11:18:53 PM
Elevator is currently Idle 
No remaining requests... exiting
Button Pressed.. Starting Proccess
Adding floor request 9 in the queue.
Button Pressed.. Starting Proccess
Adding floor request 5 in the queue.
Starting moving at: 10/30/2021 11:23:25 PM
Current Floor: 0
Passed floor level 0 at time: 10/30/2021 11:23:28 PM
Starting moving at: 10/30/2021 11:23:30 PM
Current Floor: 1
Passed floor level 1 at time: 10/30/2021 11:23:33 PM
Starting moving at: 10/30/2021 11:23:35 PM
Current Floor: 2
Passed floor level 2 at time: 10/30/2021 11:23:38 PM
Starting moving at: 10/30/2021 11:23:39 PM
Current Floor: 3
Passed floor level 3 at time: 10/30/2021 11:23:42 PM
Starting moving at: 10/30/2021 11:23:43 PM
Current Floor: 4
Passed floor level 4 at time: 10/30/2021 11:23:46 PM
Arrive at floor: 5 at time: 10/30/2021 11:23:46 PM
Stoping at destination floor: 5 at time: 10/30/2021 11:23:46 PM
Elevator is currently Idle 
No remaining requests... exiting
Button Pressed.. Starting Proccess
Adding floor request 4 in the queue.
Starting moving at: 10/30/2021 11:24:05 PM
Current Floor: 5
Passed floor level 5 at time: 10/30/2021 11:24:08 PM
Arrive at floor: 4 at time: 10/30/2021 11:24:08 PM
Stoping at destination floor: 4 at time: 10/30/2021 11:24:08 PM
Elevator is currently Idle 
No remaining requests... exiting
Button Pressed.. Starting Proccess
Adding floor request 3D in the queue.
Starting moving at: 10/30/2021 11:24:21 PM
Current Floor: 4
Passed floor level 4 at time: 10/30/2021 11:24:24 PM
Arrive at floor: 3 at time: 10/30/2021 11:24:24 PM
Stoping at destination floor: 3 at time: 10/30/2021 11:24:24 PM
Elevator is currently Idle 
No remaining requests... exiting
Button Pressed.. Starting Proccess
Adding floor request 2D in the queue.
Starting moving at: 10/30/2021 11:24:47 PM
Current Floor: 3
Passed floor level 3 at time: 10/30/2021 11:24:50 PM
Arrive at floor: 2 at time: 10/30/2021 11:24:50 PM
Stoping at destination floor: 2 at time: 10/30/2021 11:24:50 PM
Elevator is currently Idle 
No remaining requests... exiting
Button Pressed.. Starting Proccess
Adding floor request 8 in the queue.
Starting moving at: 10/30/2021 11:25:06 PM
Current Floor: 2
Passed floor level 2 at time: 10/30/2021 11:25:09 PM
Starting moving at: 10/30/2021 11:25:09 PM
Current Floor: 3
Passed floor level 3 at time: 10/30/2021 11:25:12 PM
Starting moving at: 10/30/2021 11:25:12 PM
Button Pressed.. Starting Proccess
Adding floor request 7 in the queue.
Starting moving at: 10/30/2021 11:25:13 PM
Current Floor: 4
Passed floor level 4 at time: 10/30/2021 11:25:15 PM
Starting moving at: 10/30/2021 11:25:15 PM
Current Floor: 5
Passed floor level 5 at time: 10/30/2021 11:25:18 PM
Current Floor: 4
Passed floor level 4 at time: 10/30/2021 11:26:18 PM
Starting moving at: 10/30/2021 11:26:18 PM
Current Floor: 6
Starting moving at: 10/30/2021 11:26:29 PM
Passed floor level 6 at time: 10/30/2021 11:26:29 PM
Current Floor: 5
Passed floor level 5 at time: 10/30/2021 11:26:44 PM
Starting moving at: 10/30/2021 11:26:54 PM
Starting moving at: 10/30/2021 11:26:54 PM
Current Floor: 6
Passed floor level 6 at time: 10/30/2021 11:26:57 PM
Current Floor: 7
Arrive at floor: 7 at time: 10/30/2021 11:26:57 PM
Passed floor level 7 at time: 10/30/2021 11:26:57 PM
Stoping at destination floor: 7 at time: 10/30/2021 11:26:57 PM
Arrive at floor: 8 at time: 10/30/2021 11:26:57 PM
Stoping at destination floor: 8 at time: 10/30/2021 11:26:57 PM
Elevator is currently Idle 
Elevator is currently Idle 
No remaining requests... exiting
No remaining requests... exiting
Button Pressed.. Starting Proccess
Adding floor request 7 in the queue.
Starting moving at: 10/30/2021 11:27:45 PM
Current Floor: 8
Passed floor level 8 at time: 10/30/2021 11:27:48 PM
Arrive at floor: 7 at time: 10/30/2021 11:27:52 PM
Stoping at destination floor: 7 at time: 10/30/2021 11:27:52 PM
Elevator is currently Idle 
No remaining requests... exiting
Button Pressed.. Starting Proccess
Adding floor request 6 in the queue.
Starting moving at: 11/1/2021 4:48:52 PM
Current Floor: 0
Passed floor level 0 at time: 11/1/2021 4:48:55 PM
Starting moving at: 11/1/2021 4:49:03 PM
Current Floor: 1
Passed floor level 1 at time: 11/1/2021 4:49:06 PM
Starting moving at: 11/1/2021 4:49:07 PM
Button Pressed.. Starting Proccess
Adding floor request 4 in the queue.
Starting moving at: 11/1/2021 4:49:10 PM
Current Floor: 2
Passed floor level 2 at time: 11/1/2021 4:49:10 PM
Current Floor: 2
Passed floor level 2 at time: 11/1/2021 4:49:19 PM
Starting moving at: 11/1/2021 4:49:19 PM
Current Floor: 3
Starting moving at: 11/1/2021 4:49:26 PM
Passed floor level 3 at time: 11/1/2021 4:49:26 PM
Current Floor: 3
Starting moving at: 11/1/2021 4:49:59 PM
Passed floor level 3 at time: 11/1/2021 4:49:59 PM
Current Floor: 4
Passed floor level 4 at time: 11/1/2021 4:50:05 PM
Arrive at floor: 4 at time: 11/1/2021 4:50:05 PM
Stoping at destination floor: 4 at time: 11/1/2021 4:50:06 PM
Starting moving at: 11/1/2021 4:50:06 PM
Elevator is currently Idle 
No remaining requests... exiting
Current Floor: 5
Passed floor level 5 at time: 11/1/2021 4:50:09 PM
Arrive at floor: 6 at time: 11/1/2021 4:50:11 PM
Stoping at destination floor: 6 at time: 11/1/2021 4:50:11 PM
Elevator is currently Idle 
No remaining requests... exiting
Button Pressed.. Starting Proccess
Adding floor request 2 in the queue.
Starting moving at: 11/1/2021 4:50:46 PM
Current Floor: 6
Passed floor level 6 at time: 11/1/2021 4:50:49 PM
Starting moving at: 11/1/2021 4:50:52 PM
Current Floor: 5
Passed floor level 5 at time: 11/1/2021 4:50:55 PM
Starting moving at: 11/1/2021 4:50:57 PM
Current Floor: 4
Passed floor level 4 at time: 11/1/2021 4:51:00 PM
Starting moving at: 11/1/2021 4:51:02 PM
Current Floor: 3
Passed floor level 3 at time: 11/1/2021 4:51:05 PM
Arrive at floor: 2 at time: 11/1/2021 4:51:05 PM
Stoping at destination floor: 2 at time: 11/1/2021 4:51:05 PM
Elevator is currently Idle 
No remaining requests... exiting
Button Pressed.. Starting Proccess
Adding floor request 7 in the queue.
Starting moving at: 11/1/2021 4:52:14 PM
Current Floor: 2
Passed floor level 2 at time: 11/1/2021 4:52:17 PM
Starting moving at: 11/1/2021 4:52:53 PM
Current Floor: 3
Passed floor level 3 at time: 11/1/2021 4:52:56 PM
Starting moving at: 11/1/2021 4:53:16 PM
Button Pressed.. Starting Proccess
Adding floor request 6 in the queue.
Current Floor: 4
Passed floor level 4 at time: 11/1/2021 4:53:20 PM
Starting moving at: 11/1/2021 4:54:02 PM
Starting moving at: 11/1/2021 4:54:10 PM
Current Floor: 5
Passed floor level 5 at time: 11/1/2021 4:54:10 PM
Current Floor: 5
Passed floor level 5 at time: 11/1/2021 4:54:16 PM
Arrive at floor: 6 at time: 11/1/2021 4:54:16 PM
Stoping at destination floor: 6 at time: 11/1/2021 4:54:16 PM
Elevator is currently Idle 
Starting moving at: 11/1/2021 4:54:17 PM
No remaining requests... exiting
Current Floor: 6
Passed floor level 6 at time: 11/1/2021 4:54:20 PM
Arrive at floor: 7 at time: 11/1/2021 4:54:21 PM
Stoping at destination floor: 7 at time: 11/1/2021 4:54:21 PM
Elevator is currently Idle 
No remaining requests... exiting
Button Pressed.. Starting Proccess
Adding floor request 6 in the queue.
Starting moving at: 11/1/2021 4:57:57 PM
Current Floor: 0
Passed floor level 0 at time: 11/1/2021 4:58:00 PM
Starting moving at: 11/1/2021 4:58:06 PM
Current Floor: 1
Passed floor level 1 at time: 11/1/2021 4:58:09 PM
Button Pressed.. Starting Proccess
Starting moving at: 11/1/2021 4:58:19 PM
Adding floor request 4 in the queue.
Current Floor: 2
Passed floor level 2 at time: 11/1/2021 4:58:26 PM
Starting moving at: 11/1/2021 4:58:52 PM
Starting moving at: 11/1/2021 4:58:52 PM
Current Floor: 3
Passed floor level 3 at time: 11/1/2021 4:58:55 PM
Current Floor: 3
Passed floor level 3 at time: 11/1/2021 4:59:34 PM
Elevator is currently Idle 
No remaining requests... exiting
Button Pressed.. Starting Proccess
Adding floor request 8 in the queue.
Starting moving at: 11/2/2021 12:54:31 PM
Current Floor: 0
Passed floor level 0 at time: 11/2/2021 12:54:34 PM
Starting moving at: 11/2/2021 12:54:42 PM
Current Floor: 1
Passed floor level 1 at time: 11/2/2021 12:54:45 PM
Starting moving at: 11/2/2021 12:54:52 PM
Current Floor: 2
Passed floor level 2 at time: 11/2/2021 12:54:55 PM
Elevator is currently Idle 
No remaining requests... exiting
Button Pressed.. Starting Proccess
Adding floor request 8 in the queue.
Starting moving at: 11/2/2021 1:00:01 PM
Current Floor: 0
Passed floor level 0 at time: 11/2/2021 1:00:04 PM
Starting moving at: 11/2/2021 1:00:15 PM
Current Floor: 1
Passed floor level 1 at time: 11/2/2021 1:00:18 PM
Starting moving at: 11/2/2021 1:00:22 PM
Current Floor: 2
Passed floor level 2 at time: 11/2/2021 1:00:25 PM
Starting moving at: 11/2/2021 1:00:52 PM
Current Floor: 3
Passed floor level 3 at time: 11/2/2021 1:00:55 PM
Starting moving at: 11/2/2021 1:00:58 PM
Current Floor: 4
Passed floor level 4 at time: 11/2/2021 1:01:01 PM
Starting moving at: 11/2/2021 1:01:04 PM
Current Floor: 5
Passed floor level 5 at time: 11/2/2021 1:01:07 PM
Starting moving at: 11/2/2021 1:01:16 PM
Current Floor: 6
Passed floor level 6 at time: 11/2/2021 1:01:19 PM
Starting moving at: 11/2/2021 1:01:21 PM
Current Floor: 7
Passed floor level 7 at time: 11/2/2021 1:01:24 PM
Arrive at floor: 8 at time: 11/2/2021 1:01:32 PM
Stoping at destination floor: 8 at time: 11/2/2021 1:01:32 PM
Elevator is currently Idle 
No remaining requests... exiting
Button Pressed.. Starting Proccess
Adding floor request 5 in the queue.
Elevator is currently Idle 
No remaining requests... exiting
Elevator is currently Idle 
No remaining requests... exiting
Elevator is currently Idle 
No remaining requests... exiting
Elevator is currently Idle 
No remaining requests... exiting
Elevator is currently Idle 
No remaining requests... exiting
Elevator is currently Idle 
No remaining requests... exiting
Elevator is currently Idle 
No remaining requests... exiting
Button Pressed.. Starting Proccess
Adding floor request 2 in the queue.
Elevator is currently Idle 
No remaining requests... exiting
Starting moving at: 11/2/2021 1:38:01 PM
Current Floor: 0
Passed floor level 0 at time: 11/2/2021 1:38:04 PM
Starting moving at: 11/2/2021 1:38:07 PM
Current Floor: 1
Passed floor level 1 at time: 11/2/2021 1:38:10 PM
Arrive at floor: 2 at time: 11/2/2021 1:38:11 PM
Stoping at destination floor: 2 at time: 11/2/2021 1:38:11 PM
Elevator is currently Idle 
No remaining requests... exiting
Elevator is currently Idle 
No remaining requests... exiting
Elevator is currently Idle 
No remaining requests... exiting
Elevator is currently Idle 
No remaining requests... exiting
Elevator is currently Idle 
No remaining requests... exiting
Elevator is currently Idle 
No remaining requests... exiting
Elevator is currently Idle 
No remaining requests... exiting
Elevator is currently Idle 
No remaining requests... exiting
Elevator is currently Idle 
No remaining requests... exiting
Elevator is currently Idle 
No remaining requests... exiting
Button Pressed.. Starting Proccess
Adding floor request 4 in the queue.
Elevator is currently Idle 
No remaining requests... exiting
Starting moving at: 11/2/2021 1:39:59 PM
Current Floor: 0
Button Pressed.. Starting Proccess
Adding floor request 3 in the queue.
Passed floor level 0 at time: 11/2/2021 1:40:04 PM
Starting moving at: 11/2/2021 1:41:33 PM
Current Floor: 1
Passed floor level 1 at time: 11/2/2021 1:41:36 PM
Starting moving at: 11/2/2021 1:41:44 PM
Current Floor: 2
Passed floor level 2 at time: 11/2/2021 1:41:47 PM
Starting moving at: 11/2/2021 1:41:48 PM
Current Floor: 1
Passed floor level 1 at time: 11/2/2021 1:41:51 PM
Starting moving at: 11/2/2021 1:41:52 PM
Current Floor: 2
Passed floor level 2 at time: 11/2/2021 1:41:55 PM
Starting moving at: 11/2/2021 1:41:56 PM
Current Floor: 3
Passed floor level 3 at time: 11/2/2021 1:41:59 PM
Arrive at floor: 4 at time: 11/2/2021 1:42:27 PM
Stoping at destination floor: 4 at time: 11/2/2021 1:42:27 PM
Elevator is currently Idle 
No remaining requests... exiting
